<?xml version="1.0" encoding="UTF-8"?>
<!-- Generated by org.testng.reporters.JUnitXMLReporter -->
<testsuite ignored="4" hostname="LTIN187050" failures="0" tests="9" name="chrometest" time="165.758" errors="0" timestamp="2024-02-01T11:04:31 IST">
  <testcase classname="testCase.TC001_UpcomingBikes" name="clickOnUpcomingBike" time="63.706"/>
  <testcase classname="testCase.TC001_UpcomingBikes" name="selectHondaBrand" time="33.791"/>
  <testcase classname="testCase.TC001_UpcomingBikes" name="bikeDetails" time="6.103"/>
  <testcase classname="testCase.TC002_PopularModels" name="chennaiUsedCars" time="36.173"/>
  <testcase classname="testCase.TC002_PopularModels" name="popularModels" time="3.586"/>
  <testcase classname="testCase.TC002_PopularModels" name="clickOnZigWheels" time="1.946"/>
  <testcase classname="testCase.TC003_Login" name="loginProcess" time="5.617"/>
  <testcase classname="testCase.TC003_Login" name="inputEmailId" time="0.976"/>
  <testcase classname="testCase.TC003_Login" name="validateErrorMessage" time="0.936"/>
  <testcase classname="testBase.BaseClass" name="@BeforeTest setup" time="0.0">
    <ignored/>
  </testcase> <!-- @BeforeTest setup -->
  <testcase classname="testBase.BaseClass" name="@AfterTest tearDown" time="0.0">
    <ignored/>
  </testcase> <!-- @AfterTest tearDown -->
  <testcase classname="testBase.BaseClass" name="@BeforeTest setup" time="0.0">
    <ignored/>
  </testcase> <!-- @BeforeTest setup -->
  <testcase classname="testBase.BaseClass" name="@AfterTest tearDown" time="0.0">
    <ignored/>
  </testcase> <!-- @AfterTest tearDown -->
</testsuite> <!-- chrometest -->
