<?xml version="1.0" encoding="UTF-8"?>
<!-- Generated by org.testng.reporters.JUnitXMLReporter -->
<testsuite ignored="4" hostname="LTIN187050" failures="0" tests="9" name="edgetest" time="68.195" errors="0" timestamp="2024-02-01T11:05:39 IST">
  <testcase classname="testCase.TC001_UpcomingBikes" name="clickOnUpcomingBike" time="7.95"/>
  <testcase classname="testCase.TC001_UpcomingBikes" name="selectHondaBrand" time="2.78"/>
  <testcase classname="testCase.TC001_UpcomingBikes" name="bikeDetails" time="6.871"/>
  <testcase classname="testCase.TC002_PopularModels" name="chennaiUsedCars" time="6.904"/>
  <testcase classname="testCase.TC002_PopularModels" name="popularModels" time="3.334"/>
  <testcase classname="testCase.TC002_PopularModels" name="clickOnZigWheels" time="1.9"/>
  <testcase classname="testCase.TC003_Login" name="loginProcess" time="16.206"/>
  <testcase classname="testCase.TC003_Login" name="inputEmailId" time="0.8"/>
  <testcase classname="testCase.TC003_Login" name="validateErrorMessage" time="0.772"/>
  <testcase classname="testBase.BaseClass" name="@BeforeTest setup" time="0.0">
    <ignored/>
  </testcase> <!-- @BeforeTest setup -->
  <testcase classname="testBase.BaseClass" name="@AfterTest tearDown" time="0.0">
    <ignored/>
  </testcase> <!-- @AfterTest tearDown -->
  <testcase classname="testBase.BaseClass" name="@AfterTest tearDown" time="0.0">
    <ignored/>
  </testcase> <!-- @AfterTest tearDown -->
  <testcase classname="testBase.BaseClass" name="@BeforeTest setup" time="0.0">
    <ignored/>
  </testcase> <!-- @BeforeTest setup -->
</testsuite> <!-- edgetest -->
