<?xml version="1.0" encoding="UTF-8"?>
<!-- Generated by org.testng.reporters.JUnitXMLReporter -->
<testsuite ignored="4" hostname="LTIN293452" failures="0" tests="11" name="Test" time="39.97" errors="0" timestamp="2024-02-11T22:35:32 IST">
  <testcase classname="testCase.TC001_UpcomingBikes" name="clickOnUpcomingBike" time="3.286"/>
  <testcase classname="testCase.TC001_UpcomingBikes" name="selectHondaBrand" time="0.766"/>
  <testcase classname="testCase.TC001_UpcomingBikes" name="viewMoreBikeBtn" time="0.91"/>
  <testcase classname="testCase.TC001_UpcomingBikes" name="bikeDetails" time="5.109"/>
  <testcase classname="testCase.TC002_PopularModels" name="chennaiUsedCars" time="5.103"/>
  <testcase classname="testCase.TC002_PopularModels" name="popularModels" time="3.183"/>
  <testcase classname="testCase.TC002_PopularModels" name="clickOnZigWheels" time="1.78"/>
  <testcase classname="testCase.TC003_Login" name="loginProcess" time="0.69"/>
  <testcase classname="testCase.TC003_Login" name="selectGoogle" time="1.66"/>
  <testcase classname="testCase.TC003_Login" name="inputEmailId" time="0.669"/>
  <testcase classname="testCase.TC003_Login" name="validateErrorMessage" time="0.291"/>
  <testcase classname="testBase.BaseClass" name="@AfterTest tearDown" time="0.0">
    <ignored/>
  </testcase> <!-- @AfterTest tearDown -->
  <testcase classname="testBase.BaseClass" name="@BeforeTest setup" time="0.0">
    <ignored/>
  </testcase> <!-- @BeforeTest setup -->
  <testcase classname="testBase.BaseClass" name="@AfterTest tearDown" time="0.0">
    <ignored/>
  </testcase> <!-- @AfterTest tearDown -->
  <testcase classname="testBase.BaseClass" name="@BeforeTest setup" time="0.0">
    <ignored/>
  </testcase> <!-- @BeforeTest setup -->
</testsuite> <!-- Test -->
