<?xml version="1.0" encoding="UTF-8"?>
<testng-results ignored="4" total="15" passed="11" failed="0" skipped="0">
  <reporter-output>
  </reporter-output>
  <suite started-at="2024-02-12T10:48:15 IST" name="Suite" finished-at="2024-02-12T10:49:51 IST" duration-ms="95705">
    <groups>
      <group name="regression">
        <method signature="TC001_UpcomingBikes.clickOnUpcomingBike()[pri:1, instance:testCase.TC001_UpcomingBikes@742ff096]" name="clickOnUpcomingBike" class="testCase.TC001_UpcomingBikes"/>
        <method signature="TC001_UpcomingBikes.selectHondaBrand()[pri:2, instance:testCase.TC001_UpcomingBikes@742ff096]" name="selectHondaBrand" class="testCase.TC001_UpcomingBikes"/>
        <method signature="TC001_UpcomingBikes.viewMoreBikeBtn()[pri:3, instance:testCase.TC001_UpcomingBikes@742ff096]" name="viewMoreBikeBtn" class="testCase.TC001_UpcomingBikes"/>
        <method signature="TC001_UpcomingBikes.bikeDetails()[pri:4, instance:testCase.TC001_UpcomingBikes@742ff096]" name="bikeDetails" class="testCase.TC001_UpcomingBikes"/>
        <method signature="TC002_PopularModels.chennaiUsedCars()[pri:5, instance:testCase.TC002_PopularModels@4a83a74a]" name="chennaiUsedCars" class="testCase.TC002_PopularModels"/>
        <method signature="TC002_PopularModels.popularModels()[pri:6, instance:testCase.TC002_PopularModels@4a83a74a]" name="popularModels" class="testCase.TC002_PopularModels"/>
        <method signature="TC003_Login.navigateToHomePge()[pri:7, instance:testCase.TC003_Login@1349883]" name="navigateToHomePge" class="testCase.TC003_Login"/>
        <method signature="TC003_Login.loginProcess()[pri:8, instance:testCase.TC003_Login@1349883]" name="loginProcess" class="testCase.TC003_Login"/>
        <method signature="TC003_Login.selectGoogle()[pri:9, instance:testCase.TC003_Login@1349883]" name="selectGoogle" class="testCase.TC003_Login"/>
        <method signature="TC003_Login.inputEmailId()[pri:10, instance:testCase.TC003_Login@1349883]" name="inputEmailId" class="testCase.TC003_Login"/>
        <method signature="TC003_Login.validateErrorMessage()[pri:11, instance:testCase.TC003_Login@1349883]" name="validateErrorMessage" class="testCase.TC003_Login"/>
      </group> <!-- regression -->
      <group name="sanity">
        <method signature="TC001_UpcomingBikes.clickOnUpcomingBike()[pri:1, instance:testCase.TC001_UpcomingBikes@742ff096]" name="clickOnUpcomingBike" class="testCase.TC001_UpcomingBikes"/>
        <method signature="TC002_PopularModels.chennaiUsedCars()[pri:5, instance:testCase.TC002_PopularModels@4a83a74a]" name="chennaiUsedCars" class="testCase.TC002_PopularModels"/>
        <method signature="TC003_Login.navigateToHomePge()[pri:7, instance:testCase.TC003_Login@1349883]" name="navigateToHomePge" class="testCase.TC003_Login"/>
        <method signature="TC003_Login.loginProcess()[pri:8, instance:testCase.TC003_Login@1349883]" name="loginProcess" class="testCase.TC003_Login"/>
      </group> <!-- sanity -->
    </groups>
    <test started-at="2024-02-12T10:48:15 IST" name="Test" finished-at="2024-02-12T10:49:51 IST" duration-ms="95705">
      <class name="testCase.TC002_PopularModels">
        <test-method signature="chennaiUsedCars()[pri:5, instance:testCase.TC002_PopularModels@4a83a74a]" started-at="2024-02-12T10:49:04 IST" name="chennaiUsedCars" finished-at="2024-02-12T10:49:17 IST" duration-ms="12609" status="PASS">
          <reporter-output>
          </reporter-output>
        </test-method> <!-- chennaiUsedCars -->
        <test-method signature="popularModels()[pri:6, instance:testCase.TC002_PopularModels@4a83a74a]" started-at="2024-02-12T10:49:17 IST" name="popularModels" finished-at="2024-02-12T10:49:20 IST" duration-ms="3062" status="PASS">
          <reporter-output>
          </reporter-output>
        </test-method> <!-- popularModels -->
      </class> <!-- testCase.TC002_PopularModels -->
      <class name="testCase.TC001_UpcomingBikes">
        <test-method is-config="true" signature="setup(java.lang.String,java.lang.String)[pri:0, instance:testCase.TC001_UpcomingBikes@742ff096]" started-at="2024-02-12T10:48:15 IST" name="setup" finished-at="2024-02-12T10:48:28 IST" duration-ms="12367" status="PASS">
          <params>
            <param index="0">
              <value>
                <![CDATA[Windows]]>
              </value>
            </param>
            <param index="1">
              <value>
                <![CDATA[edge]]>
              </value>
            </param>
          </params>
          <reporter-output>
          </reporter-output>
        </test-method> <!-- setup -->
        <test-method signature="clickOnUpcomingBike()[pri:1, instance:testCase.TC001_UpcomingBikes@742ff096]" started-at="2024-02-12T10:48:28 IST" name="clickOnUpcomingBike" finished-at="2024-02-12T10:48:43 IST" duration-ms="15002" status="PASS">
          <reporter-output>
          </reporter-output>
        </test-method> <!-- clickOnUpcomingBike -->
        <test-method signature="selectHondaBrand()[pri:2, instance:testCase.TC001_UpcomingBikes@742ff096]" started-at="2024-02-12T10:48:43 IST" name="selectHondaBrand" finished-at="2024-02-12T10:48:55 IST" duration-ms="11947" status="PASS">
          <reporter-output>
          </reporter-output>
        </test-method> <!-- selectHondaBrand -->
        <test-method signature="viewMoreBikeBtn()[pri:3, instance:testCase.TC001_UpcomingBikes@742ff096]" started-at="2024-02-12T10:48:55 IST" name="viewMoreBikeBtn" finished-at="2024-02-12T10:48:59 IST" duration-ms="4399" status="PASS">
          <reporter-output>
          </reporter-output>
        </test-method> <!-- viewMoreBikeBtn -->
        <test-method signature="bikeDetails()[pri:4, instance:testCase.TC001_UpcomingBikes@742ff096]" started-at="2024-02-12T10:49:00 IST" name="bikeDetails" finished-at="2024-02-12T10:49:04 IST" duration-ms="3877" status="PASS">
          <reporter-output>
          </reporter-output>
        </test-method> <!-- bikeDetails -->
        <test-method is-config="true" signature="tearDown()[pri:0, instance:testCase.TC001_UpcomingBikes@742ff096]" started-at="2024-02-12T10:49:49 IST" name="tearDown" finished-at="2024-02-12T10:49:51 IST" duration-ms="1167" status="PASS">
          <reporter-output>
          </reporter-output>
        </test-method> <!-- tearDown -->
      </class> <!-- testCase.TC001_UpcomingBikes -->
      <class name="testCase.TC003_Login">
        <test-method signature="navigateToHomePge()[pri:7, instance:testCase.TC003_Login@1349883]" started-at="2024-02-12T10:49:20 IST" name="navigateToHomePge" finished-at="2024-02-12T10:49:25 IST" duration-ms="4687" status="PASS">
          <reporter-output>
          </reporter-output>
        </test-method> <!-- navigateToHomePge -->
        <test-method signature="loginProcess()[pri:8, instance:testCase.TC003_Login@1349883]" started-at="2024-02-12T10:49:25 IST" name="loginProcess" finished-at="2024-02-12T10:49:29 IST" duration-ms="4493" status="PASS">
          <reporter-output>
          </reporter-output>
        </test-method> <!-- loginProcess -->
        <test-method signature="selectGoogle()[pri:9, instance:testCase.TC003_Login@1349883]" started-at="2024-02-12T10:49:30 IST" name="selectGoogle" finished-at="2024-02-12T10:49:42 IST" duration-ms="12025" status="PASS">
          <reporter-output>
          </reporter-output>
        </test-method> <!-- selectGoogle -->
        <test-method signature="inputEmailId()[pri:10, instance:testCase.TC003_Login@1349883]" started-at="2024-02-12T10:49:42 IST" name="inputEmailId" finished-at="2024-02-12T10:49:49 IST" duration-ms="7423" status="PASS">
          <reporter-output>
          </reporter-output>
        </test-method> <!-- inputEmailId -->
        <test-method signature="validateErrorMessage()[pri:11, instance:testCase.TC003_Login@1349883]" started-at="2024-02-12T10:49:49 IST" name="validateErrorMessage" finished-at="2024-02-12T10:49:49 IST" duration-ms="50" status="PASS">
          <reporter-output>
          </reporter-output>
        </test-method> <!-- validateErrorMessage -->
      </class> <!-- testCase.TC003_Login -->
    </test> <!-- Test -->
  </suite> <!-- Suite -->
</testng-results>
